<?xml version="1.0" encoding="UTF-8"?>
<testng-results ignored="0" total="3" passed="2" failed="1" skipped="0">
  <reporter-output>
  </reporter-output>
  <suite started-at="2021-09-01T20:23:09 IST" name="Parallel" finished-at="2021-09-01T20:23:36 IST" duration-ms="27344">
    <groups>
    </groups>
    <test started-at="2021-09-01T20:23:09 IST" name="SingleTestEnv3" finished-at="2021-09-01T20:23:21 IST" duration-ms="12058">
      <class name="Test">
        <test-method is-config="true" signature="setUp(java.lang.String,java.lang.String)[pri:0, instance:Test@c8e4bb0]" started-at="2021-09-01T20:23:09 IST" name="setUp" finished-at="2021-09-01T20:23:14 IST" duration-ms="4995" status="PASS">
          <params>
            <param index="0">
              <value>
                <![CDATA[parallel.conf.json]]>
              </value>
            </param>
            <param index="1">
              <value>
                <![CDATA[env3]]>
              </value>
            </param>
          </params>
          <reporter-output>
          </reporter-output>
        </test-method> <!-- setUp -->
        <test-method signature="test()[pri:0, instance:Test@c8e4bb0]" started-at="2021-09-01T20:23:14 IST" name="test" finished-at="2021-09-01T20:23:19 IST" duration-ms="5804" status="FAIL">
          <exception class="org.openqa.selenium.WebDriverException">
            <message>
              <![CDATA[
Build info: version: '3.141.59', revision: 'e82be7d358', time: '2018-11-14T08:17:03'
System info: host: 'REDBEAST', ip: '192.168.0.110', os.name: 'Windows 10', os.arch: 'amd64', os.version: '10.0', java.version: '16'
Driver info: org.openqa.selenium.remote.RemoteWebDriver
Capabilities {acceptInsecureCerts: false, browserName: Safari, browserVersion: 14.1.2, javascriptEnabled: true, platform: MAC, platformName: MAC, safari:automaticInspection: false, safari:automaticProfiling: false, safari:diagnose: false, safari:platformBuildVersion: 20G95, safari:platformVersion: 11.5.2, safari:useSimulator: false, setWindowRect: true, strictFileInteractability: false, webdriver.remote.sessionid: 894a3bd0d1643398615b2bba094..., webkit:WebRTC: {DisableICECandidateFiltering: false, DisableInsecureMediaCapture: false}}
Session ID: 894a3bd0d1643398615b2bba09459015735b2d78]]>
            </message>
            <full-stacktrace>
              <![CDATA[org.openqa.selenium.WebDriverException: 
Build info: version: '3.141.59', revision: 'e82be7d358', time: '2018-11-14T08:17:03'
System info: host: 'REDBEAST', ip: '192.168.0.110', os.name: 'Windows 10', os.arch: 'amd64', os.version: '10.0', java.version: '16'
Driver info: org.openqa.selenium.remote.RemoteWebDriver
Capabilities {acceptInsecureCerts: false, browserName: Safari, browserVersion: 14.1.2, javascriptEnabled: true, platform: MAC, platformName: MAC, safari:automaticInspection: false, safari:automaticProfiling: false, safari:diagnose: false, safari:platformBuildVersion: 20G95, safari:platformVersion: 11.5.2, safari:useSimulator: false, setWindowRect: true, strictFileInteractability: false, webdriver.remote.sessionid: 894a3bd0d1643398615b2bba094..., webkit:WebRTC: {DisableICECandidateFiltering: false, DisableInsecureMediaCapture: false}}
Session ID: 894a3bd0d1643398615b2bba09459015735b2d78
at java.base/jdk.internal.reflect.NativeConstructorAccessorImpl.newInstance0(Native Method)
at java.base/jdk.internal.reflect.NativeConstructorAccessorImpl.newInstance(NativeConstructorAccessorImpl.java:78)
at java.base/jdk.internal.reflect.DelegatingConstructorAccessorImpl.newInstance(DelegatingConstructorAccessorImpl.java:45)
at java.base/java.lang.reflect.Constructor.newInstanceWithCaller(Constructor.java:499)
at java.base/java.lang.reflect.Constructor.newInstance(Constructor.java:480)
at org.openqa.selenium.remote.http.W3CHttpResponseCodec.createException(W3CHttpResponseCodec.java:187)
at org.openqa.selenium.remote.http.W3CHttpResponseCodec.decode(W3CHttpResponseCodec.java:122)
at org.openqa.selenium.remote.http.W3CHttpResponseCodec.decode(W3CHttpResponseCodec.java:49)
at org.openqa.selenium.remote.HttpCommandExecutor.execute(HttpCommandExecutor.java:158)
at org.openqa.selenium.remote.RemoteWebDriver.execute(RemoteWebDriver.java:552)
at org.openqa.selenium.remote.RemoteWebElement.execute(RemoteWebElement.java:285)
at org.openqa.selenium.remote.RemoteWebElement.click(RemoteWebElement.java:84)
at Test.test(Test.java:30)
at java.base/jdk.internal.reflect.NativeMethodAccessorImpl.invoke0(Native Method)
at java.base/jdk.internal.reflect.NativeMethodAccessorImpl.invoke(NativeMethodAccessorImpl.java:78)
at java.base/jdk.internal.reflect.DelegatingMethodAccessorImpl.invoke(DelegatingMethodAccessorImpl.java:43)
at java.base/java.lang.reflect.Method.invoke(Method.java:567)
at org.testng.internal.MethodInvocationHelper.invokeMethod(MethodInvocationHelper.java:133)
at org.testng.internal.TestInvoker.invokeMethod(TestInvoker.java:598)
at org.testng.internal.TestInvoker.invokeTestMethod(TestInvoker.java:173)
at org.testng.internal.MethodRunner.runInSequence(MethodRunner.java:46)
at org.testng.internal.TestInvoker$MethodInvocationAgent.invoke(TestInvoker.java:824)
at org.testng.internal.TestInvoker.invokeTestMethods(TestInvoker.java:146)
at org.testng.internal.TestMethodWorker.invokeTestMethods(TestMethodWorker.java:146)
at org.testng.internal.TestMethodWorker.run(TestMethodWorker.java:128)
at java.base/java.util.ArrayList.forEach(ArrayList.java:1511)
at org.testng.TestRunner.privateRun(TestRunner.java:794)
at org.testng.TestRunner.run(TestRunner.java:596)
at org.testng.SuiteRunner.runTest(SuiteRunner.java:377)
at org.testng.SuiteRunner.access$000(SuiteRunner.java:28)
at org.testng.SuiteRunner$SuiteWorker.run(SuiteRunner.java:418)
at org.testng.internal.thread.ThreadUtil.lambda$execute$0(ThreadUtil.java:64)
at java.base/java.util.concurrent.FutureTask.run(FutureTask.java:264)
at java.base/java.util.concurrent.ThreadPoolExecutor.runWorker(ThreadPoolExecutor.java:1130)
at java.base/java.util.concurrent.ThreadPoolExecutor$Worker.run(ThreadPoolExecutor.java:630)
at java.base/java.lang.Thread.run(Thread.java:831)
]]>
            </full-stacktrace>
          </exception> <!-- org.openqa.selenium.WebDriverException -->
          <reporter-output>
          </reporter-output>
        </test-method> <!-- test -->
        <test-method is-config="true" signature="tearDown()[pri:0, instance:Test@c8e4bb0]" started-at="2021-09-01T20:23:19 IST" name="tearDown" finished-at="2021-09-01T20:23:21 IST" duration-ms="1215" status="PASS">
          <reporter-output>
          </reporter-output>
        </test-method> <!-- tearDown -->
      </class> <!-- Test -->
    </test> <!-- SingleTestEnv3 -->
    <test started-at="2021-09-01T20:23:09 IST" name="SingleTestEnv1" finished-at="2021-09-01T20:23:34 IST" duration-ms="25580">
      <class name="Test">
        <test-method is-config="true" signature="setUp(java.lang.String,java.lang.String)[pri:0, instance:Test@11c20519]" started-at="2021-09-01T20:23:09 IST" name="setUp" finished-at="2021-09-01T20:23:14 IST" duration-ms="5025" status="PASS">
          <params>
            <param index="0">
              <value>
                <![CDATA[parallel.conf.json]]>
              </value>
            </param>
            <param index="1">
              <value>
                <![CDATA[env1]]>
              </value>
            </param>
          </params>
          <reporter-output>
          </reporter-output>
        </test-method> <!-- setUp -->
        <test-method signature="test()[pri:0, instance:Test@11c20519]" started-at="2021-09-01T20:23:14 IST" name="test" finished-at="2021-09-01T20:23:34 IST" duration-ms="20521" status="PASS">
          <reporter-output>
          </reporter-output>
        </test-method> <!-- test -->
        <test-method is-config="true" signature="tearDown()[pri:0, instance:Test@11c20519]" started-at="2021-09-01T20:23:34 IST" name="tearDown" finished-at="2021-09-01T20:23:34 IST" duration-ms="1" status="PASS">
          <reporter-output>
          </reporter-output>
        </test-method> <!-- tearDown -->
      </class> <!-- Test -->
    </test> <!-- SingleTestEnv1 -->
    <test started-at="2021-09-01T20:23:09 IST" name="SingleTestEnv2" finished-at="2021-09-01T20:23:36 IST" duration-ms="27344">
      <class name="Test">
        <test-method is-config="true" signature="setUp(java.lang.String,java.lang.String)[pri:0, instance:Test@564718df]" started-at="2021-09-01T20:23:09 IST" name="setUp" finished-at="2021-09-01T20:23:17 IST" duration-ms="8323" status="PASS">
          <params>
            <param index="0">
              <value>
                <![CDATA[parallel.conf.json]]>
              </value>
            </param>
            <param index="1">
              <value>
                <![CDATA[env2]]>
              </value>
            </param>
          </params>
          <reporter-output>
          </reporter-output>
        </test-method> <!-- setUp -->
        <test-method signature="test()[pri:0, instance:Test@564718df]" started-at="2021-09-01T20:23:17 IST" name="test" finished-at="2021-09-01T20:23:36 IST" duration-ms="18987" status="PASS">
          <reporter-output>
          </reporter-output>
        </test-method> <!-- test -->
        <test-method is-config="true" signature="tearDown()[pri:0, instance:Test@564718df]" started-at="2021-09-01T20:23:36 IST" name="tearDown" finished-at="2021-09-01T20:23:36 IST" duration-ms="0" status="PASS">
          <reporter-output>
          </reporter-output>
        </test-method> <!-- tearDown -->
      </class> <!-- Test -->
    </test> <!-- SingleTestEnv2 -->
  </suite> <!-- Parallel -->
</testng-results>
